IQ-TREE version 3.0.1 for MacOS ARM 64-bit built Jun 30 2025
Developed by Bui Quang Minh, Thomas Wong, Nhan Ly-Trong, Huaiyan Ren
Contributed by Lam-Tung Nguyen, Dominik Schrempf, Chris Bielow,
Olga Chernomor, Michael Woodhams, Diep Thi Hoang, Heiko Schmidt

Host:    Claudias-MacBook-Air.local (SSE4.2, 8 GB RAM)
Command: /opt/homebrew/bin/iqtree3 -s concatenatedAlignment.fasta -o FruitFly,Butterfly -g constraint.nwk -m TESTNEW -bb 1000 -alrt 1000 --redo
Seed:    393315 (Using SPRNG - Scalable Parallel Random Number Generator)
Time:    Tue Nov 25 19:58:58 2025
Kernel:  SSE2 - 1 threads (8 CPU cores detected)

HINT: Use -nt option to specify number of threads because your CPU has 8 cores!
HINT: -nt AUTO will automatically determine the best number of threads to use.

Reading alignment file concatenatedAlignment.fasta ... Fasta format detected
Reading fasta file: done in 0.000399828 secs using 65.53% CPU
Alignment most likely contains DNA/RNA sequences
Constructing alignment: done in 0.000929117 secs using 64.47% CPU
Alignment has 10 sequences with 2543 columns, 979 distinct patterns
942 parsimony-informative, 347 singleton sites, 1254 constant sites
               Gap/Ambiguity  Composition  p-value
Analyzing sequences: done in 2.59876e-05 secs using 53.87% CPU
   1  KomodoDragon     0.71%    passed     61.64%
   2  Turtle           4.09%    passed     58.91%
   3  FruitFly         0.67%    failed      0.00%
   4  Butterfly        0.08%    failed      0.00%
   5  ZebraFinch       0.43%    failed      1.38%
   6  Coelacanth       0.47%    passed      9.64%
   7  Penguin          0.31%    failed      0.00%
   8  YellowCatfish    1.42%    failed      1.60%
   9  Human            0.39%    failed      0.00%
  10  Cat              0.43%    failed      0.10%
****  TOTAL            0.90%  7 sequences failed composition chi2 test (p-value<5%; df=3)
Reading constraint tree constraint.nwk...
ERROR: Expecting ')', but found 'I' instead (line 2 column 34)
